<?xml version="1.0" encoding="UTF-8"?>
<!-- Generated by org.testng.reporters.JUnitXMLReporter -->
<testsuite ignored="4" hostname="I-NETLAPTOP-056" failures="0" tests="1" name="Default test" time="28.529" errors="0" timestamp="2026-09-25T15:49:16 IST">
  <testcase classname="com.corpzee.tests.AssetManagementTest" name="assetAllocationTest" time="5.056"/>
  <testcase classname="com.corpzee.tests.AssetManagementTest" name="addCategoryTest" time="0.0">
    <ignored/>
  </testcase> <!-- addCategoryTest -->
  <testcase classname="com.corpzee.tests.AssetManagementTest" name="addSubCategoryTest" time="0.0">
    <ignored/>
  </testcase> <!-- addSubCategoryTest -->
  <testcase classname="com.corpzee.tests.AssetManagementTest" name="addPurchaseDetailsTest" time="0.0">
    <ignored/>
  </testcase> <!-- addPurchaseDetailsTest -->
  <testcase classname="com.corpzee.tests.AssetManagementTest" name="createFiveAssetsTest" time="0.0">
    <ignored/>
  </testcase> <!-- createFiveAssetsTest -->
</testsuite> <!-- Default test -->
