<?xml version="1.0" encoding="UTF-8"?>
<testng-results ignored="0" total="1" passed="1" failed="0" skipped="0">
  <reporter-output>
  </reporter-output>
  <suite started-at="2026-08-25T15:20:58 IST" name="Default suite" finished-at="2026-08-25T15:22:30 IST" duration-ms="91850">
    <groups>
    </groups>
    <test started-at="2026-08-25T15:20:58 IST" name="Default test" finished-at="2026-08-25T15:22:30 IST" duration-ms="91850">
      <class name="com.corpzee.tests.ITNoticeTest">
        <test-method is-config="true" signature="setup()[pri:0, instance:com.corpzee.tests.ITNoticeTest@45c7e403]" started-at="2026-08-25T15:20:58 IST" name="setup" finished-at="2026-08-25T15:22:01 IST" duration-ms="63569" status="PASS">
          <reporter-output>
          </reporter-output>
        </test-method> <!-- setup -->
        <test-method signature="ITNoticeTest()[pri:0, instance:com.corpzee.tests.ITNoticeTest@45c7e403]" started-at="2026-08-25T15:22:01 IST" name="ITNoticeTest" finished-at="2026-08-25T15:22:30 IST" duration-ms="28108" status="PASS">
          <reporter-output>
          </reporter-output>
        </test-method> <!-- ITNoticeTest -->
      </class> <!-- com.corpzee.tests.ITNoticeTest -->
    </test> <!-- Default test -->
  </suite> <!-- Default suite -->
</testng-results>
