<?xml version="1.0" encoding="UTF-8"?>
<!-- Generated by org.testng.reporters.JUnitReportReporter -->
<testsuite hostname="I-NETLAPTOP-056" failures="0" tests="5" name="com.corpzee.tests.AssetManagementTest" time="5.056" errors="0" timestamp="2026-09-25T15:49:16 IST" skipped="4">
  <testcase classname="com.corpzee.tests.AssetManagementTest" name="assetAllocationTest" time="5.056"/>
  <testcase classname="com.corpzee.tests.AssetManagementTest" name="addCategoryTest">
    <skipped/>
  </testcase> <!-- addCategoryTest -->
  <testcase classname="com.corpzee.tests.AssetManagementTest" name="addSubCategoryTest">
    <skipped/>
  </testcase> <!-- addSubCategoryTest -->
  <testcase classname="com.corpzee.tests.AssetManagementTest" name="addPurchaseDetailsTest">
    <skipped/>
  </testcase> <!-- addPurchaseDetailsTest -->
  <testcase classname="com.corpzee.tests.AssetManagementTest" name="createFiveAssetsTest">
    <skipped/>
  </testcase> <!-- createFiveAssetsTest -->
</testsuite> <!-- com.corpzee.tests.AssetManagementTest -->
